<?xml version="1.0" encoding="UTF-8"?>
<!-- Generated by org.testng.reporters.JUnitReportReporter -->
<testsuite hostname="DESKTOP-NVH3FGP" failures="0" tests="3" name="my.sixth.project6.RedBus" time="88.409" errors="0" timestamp="2022-09-15T12:54:43 IST" skipped="0">
  <testcase classname="my.sixth.project6.RedBus" name="Netflix_page" time="29.024"/>
  <system-out/>
  <testcase classname="my.sixth.project6.RedBus" name="aha_page" time="35.344"/>
  <system-out/>
  <testcase classname="my.sixth.project6.RedBus" name="redbus_page" time="24.041"/>
  <system-out/>
</testsuite> <!-- my.sixth.project6.RedBus -->
